\BOOKMARK [1][-]{section*.1}{Introduction}{}% 1
\BOOKMARK [1][-]{section*.2}{SCF-Formulation}{}% 2
\BOOKMARK [2][-]{section*.3}{Model}{section*.2}% 3
\BOOKMARK [2][-]{section*.4}{Results on Instances}{section*.2}% 4
\BOOKMARK [2][-]{section*.5}{Discussion of Results}{section*.2}% 5
\BOOKMARK [1][-]{section*.6}{MCF-Formulation}{}% 6
\BOOKMARK [2][-]{section*.7}{Model}{section*.6}% 7
\BOOKMARK [2][-]{section*.8}{Results on Instances}{section*.6}% 8
\BOOKMARK [2][-]{section*.9}{Discussion of Results}{section*.6}% 9
\BOOKMARK [1][-]{section*.10}{MTZ-Formulation}{}% 10
\BOOKMARK [2][-]{section*.11}{Model}{section*.10}% 11
\BOOKMARK [2][-]{section*.12}{Results on Instances}{section*.10}% 12
\BOOKMARK [2][-]{section*.13}{Discussion of Results}{section*.10}% 13
\BOOKMARK [1][-]{section*.14}{Introduction}{}% 14
\BOOKMARK [1][-]{section*.15}{Basis-Formulation}{}% 15
\BOOKMARK [1][-]{section*.16}{CEC-Formulation}{}% 16
\BOOKMARK [2][-]{section*.17}{Model}{section*.16}% 17
\BOOKMARK [2][-]{section*.18}{Results on Instances}{section*.16}% 18
\BOOKMARK [2][-]{section*.19}{Discussion of Results}{section*.16}% 19
\BOOKMARK [1][-]{section*.20}{DCC-Formulation}{}% 20
\BOOKMARK [2][-]{section*.21}{Model}{section*.20}% 21
\BOOKMARK [2][-]{section*.22}{Results on Instances}{section*.20}% 22
\BOOKMARK [2][-]{section*.23}{Results on Instances}{section*.20}% 23
\BOOKMARK [2][-]{section*.24}{Results Project1 and Project2}{section*.20}% 24
